<?xml version="1.0" encoding="UTF-8"?>
<testsuite name="com.example.app.AppApplicationTests" tests="0" skipped="0" failures="0" errors="0" timestamp="1970-01-01T00:00:00" hostname="RENLTP2N011" time="0.0">
  <properties/>
  <system-out><![CDATA[ [,,,] : 2019-04-18 11:46:44,449 INFO o.s.b.t.c.SpringBootTestContextBootstrapper [Test worker] Neither @ContextConfiguration nor @ContextHierarchy found for test class [com.example.app.AppApplicationTests], using SpringBootContextLoader
 [,,,] : 2019-04-18 11:46:44,473 INFO o.s.t.c.s.AbstractContextLoader [Test worker] Could not detect default resource locations for test class [com.example.app.AppApplicationTests]: no resource found for suffixes {-context.xml, Context.groovy}.
 [,,,] : 2019-04-18 11:46:44,759 INFO o.s.b.t.c.SpringBootTestContextBootstrapper [Test worker] Loaded default TestExecutionListener class names from location [META-INF/spring.factories]: [org.springframework.boot.test.autoconfigure.restdocs.RestDocsTestExecutionListener, org.springframework.boot.test.autoconfigure.web.client.MockRestServiceServerResetTestExecutionListener, org.springframework.boot.test.autoconfigure.web.servlet.MockMvcPrintOnlyOnFailureTestExecutionListener, org.springframework.boot.test.autoconfigure.web.servlet.WebDriverTestExecutionListener, org.springframework.boot.test.mock.mockito.MockitoTestExecutionListener, org.springframework.boot.test.mock.mockito.ResetMocksTestExecutionListener, org.springframework.test.context.web.ServletTestExecutionListener, org.springframework.test.context.support.DirtiesContextBeforeModesTestExecutionListener, org.springframework.test.context.support.DependencyInjectionTestExecutionListener, org.springframework.test.context.support.DirtiesContextTestExecutionListener, org.springframework.test.context.transaction.TransactionalTestExecutionListener, org.springframework.test.context.jdbc.SqlScriptsTestExecutionListener]
 [,,,] : 2019-04-18 11:46:44,789 INFO o.s.b.t.c.SpringBootTestContextBootstrapper [Test worker] Using TestExecutionListeners: [org.springframework.test.context.web.ServletTestExecutionListener@50b13887, org.springframework.test.context.support.DirtiesContextBeforeModesTestExecutionListener@2fb0f50d, org.springframework.boot.test.mock.mockito.MockitoTestExecutionListener@563d4957, org.springframework.boot.test.autoconfigure.SpringBootDependencyInjectionTestExecutionListener@3905e676, org.springframework.test.context.support.DirtiesContextTestExecutionListener@60a994d1, org.springframework.test.context.transaction.TransactionalTestExecutionListener@48190d54, org.springframework.test.context.jdbc.SqlScriptsTestExecutionListener@745282f1, org.springframework.boot.test.autoconfigure.restdocs.RestDocsTestExecutionListener@6272ec5b, org.springframework.boot.test.autoconfigure.web.client.MockRestServiceServerResetTestExecutionListener@4ed1f3d8, org.springframework.boot.test.autoconfigure.web.servlet.MockMvcPrintOnlyOnFailureTestExecutionListener@4e2234fb, org.springframework.boot.test.autoconfigure.web.servlet.WebDriverTestExecutionListener@2e8772c4, org.springframework.boot.test.mock.mockito.ResetMocksTestExecutionListener@5b62437b]
]]></system-out>
  <system-err><![CDATA[]]></system-err>
</testsuite>
